<?xml version="1.0" encoding="UTF-8"?>
<!-- Generated by org.testng.reporters.JUnitXMLReporter -->
<testsuite hostname="shapan-HP" ignored="0" name="Free CRM App Test Cases" tests="3" failures="0" timestamp="26 May 2018 09:17:09 GMT" time="26.173" errors="0">
  <testcase name="loginPageTitleTest" time="0.043" classname="com.shapan.qa.testcases.LoginPageTest"/>
  <testcase name="crmLogoImageTest" time="0.082" classname="com.shapan.qa.testcases.LoginPageTest"/>
  <testcase name="loginTest" time="2.977" classname="com.shapan.qa.testcases.LoginPageTest"/>
</testsuite> <!-- Free CRM App Test Cases -->
