<?xml version="1.0" encoding="UTF-8"?>
<!-- Generated by org.testng.reporters.JUnitXMLReporter -->
<testsuite hostname="shapan-HP" ignored="0" name="Default test" tests="3" failures="0" timestamp="26 May 2018 09:15:00 GMT" time="26.414" errors="0">
  <testcase name="loginPageTitleTest" time="0.022" classname="com.shapan.qa.testcases.LoginPageTest"/>
  <testcase name="crmLogoImageTest" time="0.085" classname="com.shapan.qa.testcases.LoginPageTest"/>
  <testcase name="loginTest" time="3.322" classname="com.shapan.qa.testcases.LoginPageTest"/>
</testsuite> <!-- Default test -->
