<?xml version="1.0" encoding="UTF-8"?>
<testng-results skipped="0" failed="0" ignored="0" total="3" passed="3">
  <reporter-output>
  </reporter-output>
  <suite name="FREE CRM Application Test Automation Test Suite" duration-ms="26173" started-at="2018-05-26T09:16:43Z" finished-at="2018-05-26T09:17:09Z">
    <groups>
    </groups>
    <test name="Free CRM App Test Cases" duration-ms="26173" started-at="2018-05-26T09:16:43Z" finished-at="2018-05-26T09:17:09Z">
      <class name="com.shapan.qa.testcases.LoginPageTest">
        <test-method status="PASS" signature="setUp()[pri:0, instance:com.shapan.qa.testcases.LoginPageTest@464bee09]" name="setUp" is-config="true" duration-ms="7532" started-at="2018-05-26T05:16:43Z" finished-at="2018-05-26T05:16:51Z">
          <reporter-output>
          </reporter-output>
        </test-method> <!-- setUp -->
        <test-method status="PASS" signature="loginPageTitleTest()[pri:1, instance:com.shapan.qa.testcases.LoginPageTest@464bee09]" name="loginPageTitleTest" duration-ms="43" started-at="2018-05-26T05:16:51Z" finished-at="2018-05-26T05:16:51Z">
          <reporter-output>
          </reporter-output>
        </test-method> <!-- loginPageTitleTest -->
        <test-method status="PASS" signature="tearDown()[pri:0, instance:com.shapan.qa.testcases.LoginPageTest@464bee09]" name="tearDown" is-config="true" duration-ms="702" started-at="2018-05-26T05:16:51Z" finished-at="2018-05-26T05:16:51Z">
          <reporter-output>
          </reporter-output>
        </test-method> <!-- tearDown -->
        <test-method status="PASS" signature="setUp()[pri:0, instance:com.shapan.qa.testcases.LoginPageTest@464bee09]" name="setUp" is-config="true" duration-ms="6644" started-at="2018-05-26T05:16:51Z" finished-at="2018-05-26T05:16:58Z">
          <reporter-output>
          </reporter-output>
        </test-method> <!-- setUp -->
        <test-method status="PASS" signature="crmLogoImageTest()[pri:2, instance:com.shapan.qa.testcases.LoginPageTest@464bee09]" name="crmLogoImageTest" duration-ms="82" started-at="2018-05-26T05:16:58Z" finished-at="2018-05-26T05:16:58Z">
          <reporter-output>
          </reporter-output>
        </test-method> <!-- crmLogoImageTest -->
        <test-method status="PASS" signature="tearDown()[pri:0, instance:com.shapan.qa.testcases.LoginPageTest@464bee09]" name="tearDown" is-config="true" duration-ms="694" started-at="2018-05-26T05:16:58Z" finished-at="2018-05-26T05:16:59Z">
          <reporter-output>
          </reporter-output>
        </test-method> <!-- tearDown -->
        <test-method status="PASS" signature="setUp()[pri:0, instance:com.shapan.qa.testcases.LoginPageTest@464bee09]" name="setUp" is-config="true" duration-ms="6761" started-at="2018-05-26T05:16:59Z" finished-at="2018-05-26T05:17:06Z">
          <reporter-output>
          </reporter-output>
        </test-method> <!-- setUp -->
        <test-method status="PASS" signature="loginTest()[pri:3, instance:com.shapan.qa.testcases.LoginPageTest@464bee09]" name="loginTest" duration-ms="2977" started-at="2018-05-26T05:17:06Z" finished-at="2018-05-26T05:17:09Z">
          <reporter-output>
          </reporter-output>
        </test-method> <!-- loginTest -->
        <test-method status="PASS" signature="tearDown()[pri:0, instance:com.shapan.qa.testcases.LoginPageTest@464bee09]" name="tearDown" is-config="true" duration-ms="700" started-at="2018-05-26T05:17:09Z" finished-at="2018-05-26T05:17:09Z">
          <reporter-output>
          </reporter-output>
        </test-method> <!-- tearDown -->
      </class> <!-- com.shapan.qa.testcases.LoginPageTest -->
    </test> <!-- Free CRM App Test Cases -->
  </suite> <!-- FREE CRM Application Test Automation Test Suite -->
</testng-results>
